
Login Successful: andre has logged in
andre has logged out
Login Successful: andre has logged in
andre has logged out
andre has logged out
andre has logged out
andre has logged out
andre has logged out
andre has logged out
andre has logged out
andre has logged out
andre has logged out
andre has logged out
andre has logged out
andre has logged out
andre has logged out
andre has logged out
andre has logged out
andre has logged out
andre has logged out
 has logged out
 has logged out
Login Successful: fohreal has logged in
fohreal has logged out
fohreal has logged out
fohreal has logged out
fohreal has logged out
fohreal has logged out
fohreal has logged out
fohreal has logged out
fohreal has logged out
fohreal has logged out
fohreal has logged out
fohreal has logged out
fohreal has logged out
Login Successful: fantasy has logged in
fantasy has logged out
fantasy has logged out
fantasy has logged out
fantasy has logged out
fantasy has logged out
fantasy has logged out
fantasy has logged out
fantasy has logged out
fantasy has logged out
fantasy has logged out
fantasy has logged out
 has logged out
 has logged out
 has logged out
 has logged out
flower has logged out
flower has logged out
flower has logged out
flower has logged out
mario has logged out